<?xml version="1.0" encoding="UTF-8"?>
<testsuite failures="2" skip="0" tests="15" name="Acceptance" errors="0">
<testcase classname="Acceptance.IntegrationTests" name="Get server version" time="1">
</testcase>
<testcase classname="Acceptance.IntegrationTests" name="Get User that does not exist" time="0">
</testcase>
<testcase classname="Acceptance.IntegrationTests" name="Get all users without users in database" time="0">
</testcase>
<testcase classname="Acceptance.IntegrationTests" name="Add User and check if it's added" time="0">
</testcase>
<testcase classname="Acceptance.IntegrationTests" name="Add User without content" time="0">
</testcase>
<testcase classname="Acceptance.IntegrationTests" name="Add same user twice" time="0">
</testcase>
<testcase classname="Acceptance.IntegrationTests" name="Add Three Users and check if it's added" time="0">
</testcase>
<testcase classname="Acceptance.ShouldFail" name="Invalid variable reference" time="4">
<failure message="Variable '${SALARY}' not found." type="AssertionError"></failure>
</testcase>
<testcase classname="Acceptance.ShouldFail" name="Nonexistent ID" time="4">
<failure message="RuntimeException" type="AssertionError"></failure>
</testcase>
<testcase classname="Acceptance.ShouldPass" name="Add values and reset form" time="4">
</testcase>
<testcase classname="Acceptance.ShouldPass" name="Test Add entry and remove it" time="4">
</testcase>
<testcase classname="Acceptance.ShouldPass" name="Test Add duplicate entry" time="4">
</testcase>
<testcase classname="Acceptance.ShouldPass" name="Add values and reset form with short name" time="4">
</testcase>
<testcase classname="Acceptance.ShouldPass" name="Add values and reset form with a long name" time="4">
</testcase>
<testcase classname="Acceptance.ShouldPass" name="Edit user" time="5">
</testcase>
</testsuite>
